Created by PLY version 3.3 (http://www.dabeaz.com/ply)

Grammar

Rule 0     S' -> query
Rule 1     query -> FIND keywords WHERE constraints
Rule 2     query -> FIND keywords
Rule 3     query -> error
Rule 4     keywords -> keywords COMMA keyword
Rule 5     keywords -> keyword
Rule 6     keyword -> ID
Rule 7     keyword -> SUM LB ID RB
Rule 8     keyword -> MIN LB ID RB
Rule 9     keyword -> MAX LB ID RB
Rule 10    keyword -> COUNT LB ID RB
Rule 11    date -> DATE
Rule 12    date -> DATE ID
Rule 13    constraints -> constraints AND constraint
Rule 14    constraints -> constraints OR constraint
Rule 15    constraints -> constraint
Rule 16    constraint -> keyword GE ID
Rule 17    constraint -> keyword GT ID
Rule 18    constraint -> keyword LE ID
Rule 19    constraint -> keyword LT ID
Rule 20    constraint -> keyword EQUALS ID
Rule 21    constraint -> keyword NE ID
Rule 22    constraint -> keyword LIKE ID
Rule 23    constraint -> keyword NOT LIKE ID
Rule 24    constraint -> keyword GE date
Rule 25    constraint -> keyword GT date
Rule 26    constraint -> keyword LE date
Rule 27    constraint -> keyword LT date
Rule 28    constraint -> keyword EQUALS date
Rule 29    constraint -> keyword NE date
Rule 30    constraint -> keyword LIKE date
Rule 31    constraint -> keyword NOT LIKE date
Rule 32    constraint -> LB constraints RB

Terminals, with rules where they appear

AND                  : 13
COMMA                : 4
COUNT                : 10
DATE                 : 11 12
EQUALS               : 20 28
FIND                 : 1 2
GE                   : 16 24
GT                   : 17 25
ID                   : 6 7 8 9 10 12 16 17 18 19 20 21 22 23
LB                   : 7 8 9 10 32
LE                   : 18 26
LIKE                 : 22 23 30 31
LT                   : 19 27
MAX                  : 9
MIN                  : 8
NE                   : 21 29
NOT                  : 23 31
OR                   : 14
RB                   : 7 8 9 10 32
SUM                  : 7
WHERE                : 1
error                : 3

Nonterminals, with rules where they appear

constraint           : 13 14 15
constraints          : 1 13 14 32
date                 : 24 25 26 27 28 29 30 31
keyword              : 4 5 16 17 18 19 20 21 22 23 24 25 26 27 28 29 30 31
keywords             : 1 2 4
query                : 0

Parsing method: LALR

state 0

    (0) S' -> . query
    (1) query -> . FIND keywords WHERE constraints
    (2) query -> . FIND keywords
    (3) query -> . error

    FIND            shift and go to state 3
    error           shift and go to state 1

    query                          shift and go to state 2

state 1

    (3) query -> error .

    $end            reduce using rule 3 (query -> error .)


state 2

    (0) S' -> query .



state 3

    (1) query -> FIND . keywords WHERE constraints
    (2) query -> FIND . keywords
    (4) keywords -> . keywords COMMA keyword
    (5) keywords -> . keyword
    (6) keyword -> . ID
    (7) keyword -> . SUM LB ID RB
    (8) keyword -> . MIN LB ID RB
    (9) keyword -> . MAX LB ID RB
    (10) keyword -> . COUNT LB ID RB

    ID              shift and go to state 9
    SUM             shift and go to state 8
    MIN             shift and go to state 6
    MAX             shift and go to state 7
    COUNT           shift and go to state 4

    keywords                       shift and go to state 10
    keyword                        shift and go to state 5

state 4

    (10) keyword -> COUNT . LB ID RB

    LB              shift and go to state 11


state 5

    (5) keywords -> keyword .

    WHERE           reduce using rule 5 (keywords -> keyword .)
    COMMA           reduce using rule 5 (keywords -> keyword .)
    $end            reduce using rule 5 (keywords -> keyword .)


state 6

    (8) keyword -> MIN . LB ID RB

    LB              shift and go to state 12


state 7

    (9) keyword -> MAX . LB ID RB

    LB              shift and go to state 13


state 8

    (7) keyword -> SUM . LB ID RB

    LB              shift and go to state 14


state 9

    (6) keyword -> ID .

    WHERE           reduce using rule 6 (keyword -> ID .)
    COMMA           reduce using rule 6 (keyword -> ID .)
    $end            reduce using rule 6 (keyword -> ID .)
    GE              reduce using rule 6 (keyword -> ID .)
    GT              reduce using rule 6 (keyword -> ID .)
    LE              reduce using rule 6 (keyword -> ID .)
    LT              reduce using rule 6 (keyword -> ID .)
    EQUALS          reduce using rule 6 (keyword -> ID .)
    NE              reduce using rule 6 (keyword -> ID .)
    LIKE            reduce using rule 6 (keyword -> ID .)
    NOT             reduce using rule 6 (keyword -> ID .)


state 10

    (1) query -> FIND keywords . WHERE constraints
    (2) query -> FIND keywords .
    (4) keywords -> keywords . COMMA keyword

    WHERE           shift and go to state 16
    $end            reduce using rule 2 (query -> FIND keywords .)
    COMMA           shift and go to state 15


state 11

    (10) keyword -> COUNT LB . ID RB

    ID              shift and go to state 17


state 12

    (8) keyword -> MIN LB . ID RB

    ID              shift and go to state 18


state 13

    (9) keyword -> MAX LB . ID RB

    ID              shift and go to state 19


state 14

    (7) keyword -> SUM LB . ID RB

    ID              shift and go to state 20


state 15

    (4) keywords -> keywords COMMA . keyword
    (6) keyword -> . ID
    (7) keyword -> . SUM LB ID RB
    (8) keyword -> . MIN LB ID RB
    (9) keyword -> . MAX LB ID RB
    (10) keyword -> . COUNT LB ID RB

    ID              shift and go to state 9
    SUM             shift and go to state 8
    MIN             shift and go to state 6
    MAX             shift and go to state 7
    COUNT           shift and go to state 4

    keyword                        shift and go to state 21

state 16

    (1) query -> FIND keywords WHERE . constraints
    (13) constraints -> . constraints AND constraint
    (14) constraints -> . constraints OR constraint
    (15) constraints -> . constraint
    (16) constraint -> . keyword GE ID
    (17) constraint -> . keyword GT ID
    (18) constraint -> . keyword LE ID
    (19) constraint -> . keyword LT ID
    (20) constraint -> . keyword EQUALS ID
    (21) constraint -> . keyword NE ID
    (22) constraint -> . keyword LIKE ID
    (23) constraint -> . keyword NOT LIKE ID
    (24) constraint -> . keyword GE date
    (25) constraint -> . keyword GT date
    (26) constraint -> . keyword LE date
    (27) constraint -> . keyword LT date
    (28) constraint -> . keyword EQUALS date
    (29) constraint -> . keyword NE date
    (30) constraint -> . keyword LIKE date
    (31) constraint -> . keyword NOT LIKE date
    (32) constraint -> . LB constraints RB
    (6) keyword -> . ID
    (7) keyword -> . SUM LB ID RB
    (8) keyword -> . MIN LB ID RB
    (9) keyword -> . MAX LB ID RB
    (10) keyword -> . COUNT LB ID RB

    LB              shift and go to state 22
    ID              shift and go to state 9
    SUM             shift and go to state 8
    MIN             shift and go to state 6
    MAX             shift and go to state 7
    COUNT           shift and go to state 4

    constraint                     shift and go to state 24
    keyword                        shift and go to state 23
    constraints                    shift and go to state 25

state 17

    (10) keyword -> COUNT LB ID . RB

    RB              shift and go to state 26


state 18

    (8) keyword -> MIN LB ID . RB

    RB              shift and go to state 27


state 19

    (9) keyword -> MAX LB ID . RB

    RB              shift and go to state 28


state 20

    (7) keyword -> SUM LB ID . RB

    RB              shift and go to state 29


state 21

    (4) keywords -> keywords COMMA keyword .

    WHERE           reduce using rule 4 (keywords -> keywords COMMA keyword .)
    COMMA           reduce using rule 4 (keywords -> keywords COMMA keyword .)
    $end            reduce using rule 4 (keywords -> keywords COMMA keyword .)


state 22

    (32) constraint -> LB . constraints RB
    (13) constraints -> . constraints AND constraint
    (14) constraints -> . constraints OR constraint
    (15) constraints -> . constraint
    (16) constraint -> . keyword GE ID
    (17) constraint -> . keyword GT ID
    (18) constraint -> . keyword LE ID
    (19) constraint -> . keyword LT ID
    (20) constraint -> . keyword EQUALS ID
    (21) constraint -> . keyword NE ID
    (22) constraint -> . keyword LIKE ID
    (23) constraint -> . keyword NOT LIKE ID
    (24) constraint -> . keyword GE date
    (25) constraint -> . keyword GT date
    (26) constraint -> . keyword LE date
    (27) constraint -> . keyword LT date
    (28) constraint -> . keyword EQUALS date
    (29) constraint -> . keyword NE date
    (30) constraint -> . keyword LIKE date
    (31) constraint -> . keyword NOT LIKE date
    (32) constraint -> . LB constraints RB
    (6) keyword -> . ID
    (7) keyword -> . SUM LB ID RB
    (8) keyword -> . MIN LB ID RB
    (9) keyword -> . MAX LB ID RB
    (10) keyword -> . COUNT LB ID RB

    LB              shift and go to state 22
    ID              shift and go to state 9
    SUM             shift and go to state 8
    MIN             shift and go to state 6
    MAX             shift and go to state 7
    COUNT           shift and go to state 4

    constraint                     shift and go to state 24
    keyword                        shift and go to state 23
    constraints                    shift and go to state 30

state 23

    (16) constraint -> keyword . GE ID
    (17) constraint -> keyword . GT ID
    (18) constraint -> keyword . LE ID
    (19) constraint -> keyword . LT ID
    (20) constraint -> keyword . EQUALS ID
    (21) constraint -> keyword . NE ID
    (22) constraint -> keyword . LIKE ID
    (23) constraint -> keyword . NOT LIKE ID
    (24) constraint -> keyword . GE date
    (25) constraint -> keyword . GT date
    (26) constraint -> keyword . LE date
    (27) constraint -> keyword . LT date
    (28) constraint -> keyword . EQUALS date
    (29) constraint -> keyword . NE date
    (30) constraint -> keyword . LIKE date
    (31) constraint -> keyword . NOT LIKE date

    GE              shift and go to state 35
    GT              shift and go to state 31
    LE              shift and go to state 36
    LT              shift and go to state 33
    EQUALS          shift and go to state 34
    NE              shift and go to state 32
    LIKE            shift and go to state 38
    NOT             shift and go to state 37


state 24

    (15) constraints -> constraint .

    AND             reduce using rule 15 (constraints -> constraint .)
    OR              reduce using rule 15 (constraints -> constraint .)
    $end            reduce using rule 15 (constraints -> constraint .)
    RB              reduce using rule 15 (constraints -> constraint .)


state 25

    (1) query -> FIND keywords WHERE constraints .
    (13) constraints -> constraints . AND constraint
    (14) constraints -> constraints . OR constraint

    $end            reduce using rule 1 (query -> FIND keywords WHERE constraints .)
    AND             shift and go to state 39
    OR              shift and go to state 40


state 26

    (10) keyword -> COUNT LB ID RB .

    WHERE           reduce using rule 10 (keyword -> COUNT LB ID RB .)
    COMMA           reduce using rule 10 (keyword -> COUNT LB ID RB .)
    $end            reduce using rule 10 (keyword -> COUNT LB ID RB .)
    GE              reduce using rule 10 (keyword -> COUNT LB ID RB .)
    GT              reduce using rule 10 (keyword -> COUNT LB ID RB .)
    LE              reduce using rule 10 (keyword -> COUNT LB ID RB .)
    LT              reduce using rule 10 (keyword -> COUNT LB ID RB .)
    EQUALS          reduce using rule 10 (keyword -> COUNT LB ID RB .)
    NE              reduce using rule 10 (keyword -> COUNT LB ID RB .)
    LIKE            reduce using rule 10 (keyword -> COUNT LB ID RB .)
    NOT             reduce using rule 10 (keyword -> COUNT LB ID RB .)


state 27

    (8) keyword -> MIN LB ID RB .

    WHERE           reduce using rule 8 (keyword -> MIN LB ID RB .)
    COMMA           reduce using rule 8 (keyword -> MIN LB ID RB .)
    $end            reduce using rule 8 (keyword -> MIN LB ID RB .)
    GE              reduce using rule 8 (keyword -> MIN LB ID RB .)
    GT              reduce using rule 8 (keyword -> MIN LB ID RB .)
    LE              reduce using rule 8 (keyword -> MIN LB ID RB .)
    LT              reduce using rule 8 (keyword -> MIN LB ID RB .)
    EQUALS          reduce using rule 8 (keyword -> MIN LB ID RB .)
    NE              reduce using rule 8 (keyword -> MIN LB ID RB .)
    LIKE            reduce using rule 8 (keyword -> MIN LB ID RB .)
    NOT             reduce using rule 8 (keyword -> MIN LB ID RB .)


state 28

    (9) keyword -> MAX LB ID RB .

    WHERE           reduce using rule 9 (keyword -> MAX LB ID RB .)
    COMMA           reduce using rule 9 (keyword -> MAX LB ID RB .)
    $end            reduce using rule 9 (keyword -> MAX LB ID RB .)
    GE              reduce using rule 9 (keyword -> MAX LB ID RB .)
    GT              reduce using rule 9 (keyword -> MAX LB ID RB .)
    LE              reduce using rule 9 (keyword -> MAX LB ID RB .)
    LT              reduce using rule 9 (keyword -> MAX LB ID RB .)
    EQUALS          reduce using rule 9 (keyword -> MAX LB ID RB .)
    NE              reduce using rule 9 (keyword -> MAX LB ID RB .)
    LIKE            reduce using rule 9 (keyword -> MAX LB ID RB .)
    NOT             reduce using rule 9 (keyword -> MAX LB ID RB .)


state 29

    (7) keyword -> SUM LB ID RB .

    WHERE           reduce using rule 7 (keyword -> SUM LB ID RB .)
    COMMA           reduce using rule 7 (keyword -> SUM LB ID RB .)
    $end            reduce using rule 7 (keyword -> SUM LB ID RB .)
    GE              reduce using rule 7 (keyword -> SUM LB ID RB .)
    GT              reduce using rule 7 (keyword -> SUM LB ID RB .)
    LE              reduce using rule 7 (keyword -> SUM LB ID RB .)
    LT              reduce using rule 7 (keyword -> SUM LB ID RB .)
    EQUALS          reduce using rule 7 (keyword -> SUM LB ID RB .)
    NE              reduce using rule 7 (keyword -> SUM LB ID RB .)
    LIKE            reduce using rule 7 (keyword -> SUM LB ID RB .)
    NOT             reduce using rule 7 (keyword -> SUM LB ID RB .)


state 30

    (32) constraint -> LB constraints . RB
    (13) constraints -> constraints . AND constraint
    (14) constraints -> constraints . OR constraint

    RB              shift and go to state 41
    AND             shift and go to state 39
    OR              shift and go to state 40


state 31

    (17) constraint -> keyword GT . ID
    (25) constraint -> keyword GT . date
    (11) date -> . DATE
    (12) date -> . DATE ID

    ID              shift and go to state 44
    DATE            shift and go to state 43

    date                           shift and go to state 42

state 32

    (21) constraint -> keyword NE . ID
    (29) constraint -> keyword NE . date
    (11) date -> . DATE
    (12) date -> . DATE ID

    ID              shift and go to state 46
    DATE            shift and go to state 43

    date                           shift and go to state 45

state 33

    (19) constraint -> keyword LT . ID
    (27) constraint -> keyword LT . date
    (11) date -> . DATE
    (12) date -> . DATE ID

    ID              shift and go to state 48
    DATE            shift and go to state 43

    date                           shift and go to state 47

state 34

    (20) constraint -> keyword EQUALS . ID
    (28) constraint -> keyword EQUALS . date
    (11) date -> . DATE
    (12) date -> . DATE ID

    ID              shift and go to state 50
    DATE            shift and go to state 43

    date                           shift and go to state 49

state 35

    (16) constraint -> keyword GE . ID
    (24) constraint -> keyword GE . date
    (11) date -> . DATE
    (12) date -> . DATE ID

    ID              shift and go to state 52
    DATE            shift and go to state 43

    date                           shift and go to state 51

state 36

    (18) constraint -> keyword LE . ID
    (26) constraint -> keyword LE . date
    (11) date -> . DATE
    (12) date -> . DATE ID

    ID              shift and go to state 54
    DATE            shift and go to state 43

    date                           shift and go to state 53

state 37

    (23) constraint -> keyword NOT . LIKE ID
    (31) constraint -> keyword NOT . LIKE date

    LIKE            shift and go to state 55


state 38

    (22) constraint -> keyword LIKE . ID
    (30) constraint -> keyword LIKE . date
    (11) date -> . DATE
    (12) date -> . DATE ID

    ID              shift and go to state 57
    DATE            shift and go to state 43

    date                           shift and go to state 56

state 39

    (13) constraints -> constraints AND . constraint
    (16) constraint -> . keyword GE ID
    (17) constraint -> . keyword GT ID
    (18) constraint -> . keyword LE ID
    (19) constraint -> . keyword LT ID
    (20) constraint -> . keyword EQUALS ID
    (21) constraint -> . keyword NE ID
    (22) constraint -> . keyword LIKE ID
    (23) constraint -> . keyword NOT LIKE ID
    (24) constraint -> . keyword GE date
    (25) constraint -> . keyword GT date
    (26) constraint -> . keyword LE date
    (27) constraint -> . keyword LT date
    (28) constraint -> . keyword EQUALS date
    (29) constraint -> . keyword NE date
    (30) constraint -> . keyword LIKE date
    (31) constraint -> . keyword NOT LIKE date
    (32) constraint -> . LB constraints RB
    (6) keyword -> . ID
    (7) keyword -> . SUM LB ID RB
    (8) keyword -> . MIN LB ID RB
    (9) keyword -> . MAX LB ID RB
    (10) keyword -> . COUNT LB ID RB

    LB              shift and go to state 22
    ID              shift and go to state 9
    SUM             shift and go to state 8
    MIN             shift and go to state 6
    MAX             shift and go to state 7
    COUNT           shift and go to state 4

    constraint                     shift and go to state 58
    keyword                        shift and go to state 23

state 40

    (14) constraints -> constraints OR . constraint
    (16) constraint -> . keyword GE ID
    (17) constraint -> . keyword GT ID
    (18) constraint -> . keyword LE ID
    (19) constraint -> . keyword LT ID
    (20) constraint -> . keyword EQUALS ID
    (21) constraint -> . keyword NE ID
    (22) constraint -> . keyword LIKE ID
    (23) constraint -> . keyword NOT LIKE ID
    (24) constraint -> . keyword GE date
    (25) constraint -> . keyword GT date
    (26) constraint -> . keyword LE date
    (27) constraint -> . keyword LT date
    (28) constraint -> . keyword EQUALS date
    (29) constraint -> . keyword NE date
    (30) constraint -> . keyword LIKE date
    (31) constraint -> . keyword NOT LIKE date
    (32) constraint -> . LB constraints RB
    (6) keyword -> . ID
    (7) keyword -> . SUM LB ID RB
    (8) keyword -> . MIN LB ID RB
    (9) keyword -> . MAX LB ID RB
    (10) keyword -> . COUNT LB ID RB

    LB              shift and go to state 22
    ID              shift and go to state 9
    SUM             shift and go to state 8
    MIN             shift and go to state 6
    MAX             shift and go to state 7
    COUNT           shift and go to state 4

    constraint                     shift and go to state 59
    keyword                        shift and go to state 23

state 41

    (32) constraint -> LB constraints RB .

    AND             reduce using rule 32 (constraint -> LB constraints RB .)
    OR              reduce using rule 32 (constraint -> LB constraints RB .)
    $end            reduce using rule 32 (constraint -> LB constraints RB .)
    RB              reduce using rule 32 (constraint -> LB constraints RB .)


state 42

    (25) constraint -> keyword GT date .

    AND             reduce using rule 25 (constraint -> keyword GT date .)
    OR              reduce using rule 25 (constraint -> keyword GT date .)
    $end            reduce using rule 25 (constraint -> keyword GT date .)
    RB              reduce using rule 25 (constraint -> keyword GT date .)


state 43

    (11) date -> DATE .
    (12) date -> DATE . ID

    AND             reduce using rule 11 (date -> DATE .)
    OR              reduce using rule 11 (date -> DATE .)
    $end            reduce using rule 11 (date -> DATE .)
    RB              reduce using rule 11 (date -> DATE .)
    ID              shift and go to state 60


state 44

    (17) constraint -> keyword GT ID .

    AND             reduce using rule 17 (constraint -> keyword GT ID .)
    OR              reduce using rule 17 (constraint -> keyword GT ID .)
    $end            reduce using rule 17 (constraint -> keyword GT ID .)
    RB              reduce using rule 17 (constraint -> keyword GT ID .)


state 45

    (29) constraint -> keyword NE date .

    AND             reduce using rule 29 (constraint -> keyword NE date .)
    OR              reduce using rule 29 (constraint -> keyword NE date .)
    $end            reduce using rule 29 (constraint -> keyword NE date .)
    RB              reduce using rule 29 (constraint -> keyword NE date .)


state 46

    (21) constraint -> keyword NE ID .

    AND             reduce using rule 21 (constraint -> keyword NE ID .)
    OR              reduce using rule 21 (constraint -> keyword NE ID .)
    $end            reduce using rule 21 (constraint -> keyword NE ID .)
    RB              reduce using rule 21 (constraint -> keyword NE ID .)


state 47

    (27) constraint -> keyword LT date .

    AND             reduce using rule 27 (constraint -> keyword LT date .)
    OR              reduce using rule 27 (constraint -> keyword LT date .)
    $end            reduce using rule 27 (constraint -> keyword LT date .)
    RB              reduce using rule 27 (constraint -> keyword LT date .)


state 48

    (19) constraint -> keyword LT ID .

    AND             reduce using rule 19 (constraint -> keyword LT ID .)
    OR              reduce using rule 19 (constraint -> keyword LT ID .)
    $end            reduce using rule 19 (constraint -> keyword LT ID .)
    RB              reduce using rule 19 (constraint -> keyword LT ID .)


state 49

    (28) constraint -> keyword EQUALS date .

    AND             reduce using rule 28 (constraint -> keyword EQUALS date .)
    OR              reduce using rule 28 (constraint -> keyword EQUALS date .)
    $end            reduce using rule 28 (constraint -> keyword EQUALS date .)
    RB              reduce using rule 28 (constraint -> keyword EQUALS date .)


state 50

    (20) constraint -> keyword EQUALS ID .

    AND             reduce using rule 20 (constraint -> keyword EQUALS ID .)
    OR              reduce using rule 20 (constraint -> keyword EQUALS ID .)
    $end            reduce using rule 20 (constraint -> keyword EQUALS ID .)
    RB              reduce using rule 20 (constraint -> keyword EQUALS ID .)


state 51

    (24) constraint -> keyword GE date .

    AND             reduce using rule 24 (constraint -> keyword GE date .)
    OR              reduce using rule 24 (constraint -> keyword GE date .)
    $end            reduce using rule 24 (constraint -> keyword GE date .)
    RB              reduce using rule 24 (constraint -> keyword GE date .)


state 52

    (16) constraint -> keyword GE ID .

    AND             reduce using rule 16 (constraint -> keyword GE ID .)
    OR              reduce using rule 16 (constraint -> keyword GE ID .)
    $end            reduce using rule 16 (constraint -> keyword GE ID .)
    RB              reduce using rule 16 (constraint -> keyword GE ID .)


state 53

    (26) constraint -> keyword LE date .

    AND             reduce using rule 26 (constraint -> keyword LE date .)
    OR              reduce using rule 26 (constraint -> keyword LE date .)
    $end            reduce using rule 26 (constraint -> keyword LE date .)
    RB              reduce using rule 26 (constraint -> keyword LE date .)


state 54

    (18) constraint -> keyword LE ID .

    AND             reduce using rule 18 (constraint -> keyword LE ID .)
    OR              reduce using rule 18 (constraint -> keyword LE ID .)
    $end            reduce using rule 18 (constraint -> keyword LE ID .)
    RB              reduce using rule 18 (constraint -> keyword LE ID .)


state 55

    (23) constraint -> keyword NOT LIKE . ID
    (31) constraint -> keyword NOT LIKE . date
    (11) date -> . DATE
    (12) date -> . DATE ID

    ID              shift and go to state 62
    DATE            shift and go to state 43

    date                           shift and go to state 61

state 56

    (30) constraint -> keyword LIKE date .

    AND             reduce using rule 30 (constraint -> keyword LIKE date .)
    OR              reduce using rule 30 (constraint -> keyword LIKE date .)
    $end            reduce using rule 30 (constraint -> keyword LIKE date .)
    RB              reduce using rule 30 (constraint -> keyword LIKE date .)


state 57

    (22) constraint -> keyword LIKE ID .

    AND             reduce using rule 22 (constraint -> keyword LIKE ID .)
    OR              reduce using rule 22 (constraint -> keyword LIKE ID .)
    $end            reduce using rule 22 (constraint -> keyword LIKE ID .)
    RB              reduce using rule 22 (constraint -> keyword LIKE ID .)


state 58

    (13) constraints -> constraints AND constraint .

    AND             reduce using rule 13 (constraints -> constraints AND constraint .)
    OR              reduce using rule 13 (constraints -> constraints AND constraint .)
    $end            reduce using rule 13 (constraints -> constraints AND constraint .)
    RB              reduce using rule 13 (constraints -> constraints AND constraint .)


state 59

    (14) constraints -> constraints OR constraint .

    AND             reduce using rule 14 (constraints -> constraints OR constraint .)
    OR              reduce using rule 14 (constraints -> constraints OR constraint .)
    $end            reduce using rule 14 (constraints -> constraints OR constraint .)
    RB              reduce using rule 14 (constraints -> constraints OR constraint .)


state 60

    (12) date -> DATE ID .

    AND             reduce using rule 12 (date -> DATE ID .)
    OR              reduce using rule 12 (date -> DATE ID .)
    $end            reduce using rule 12 (date -> DATE ID .)
    RB              reduce using rule 12 (date -> DATE ID .)


state 61

    (31) constraint -> keyword NOT LIKE date .

    AND             reduce using rule 31 (constraint -> keyword NOT LIKE date .)
    OR              reduce using rule 31 (constraint -> keyword NOT LIKE date .)
    $end            reduce using rule 31 (constraint -> keyword NOT LIKE date .)
    RB              reduce using rule 31 (constraint -> keyword NOT LIKE date .)


state 62

    (23) constraint -> keyword NOT LIKE ID .

    AND             reduce using rule 23 (constraint -> keyword NOT LIKE ID .)
    OR              reduce using rule 23 (constraint -> keyword NOT LIKE ID .)
    $end            reduce using rule 23 (constraint -> keyword NOT LIKE ID .)
    RB              reduce using rule 23 (constraint -> keyword NOT LIKE ID .)

